<?xml version="1.0" encoding="UTF-8"?>
<testsuite xmlns:xsi="http://www.w3.org/2001/XMLSchema-instance" xsi:noNamespaceSchemaLocation="https://maven.apache.org/surefire/maven-surefire-plugin/xsd/surefire-test-report-3.0.xsd" version="3.0" name="avtorizationpage" time="13.875" tests="5" errors="0" skipped="0" failures="0">
  <properties>
[...]
</properties>
  <testcase name="testlogin" classname="avtorizationpage" time="1.199">
    <system-out><![CDATA[CGHJYLMFKFLFMFKFMFKFMKVNFKGFMKLFMF:F:FLF
]]></system-out>
    <system-err><![CDATA[SLF4J: Failed to load class "org.slf4j.impl.StaticLoggerBinder".
SLF4J: Defaulting to no-operation (NOP) logger implementation
SLF4J: See http://www.slf4j.org/codes.html#StaticLoggerBinder for further details.
июн. 22, 2021 10:19:56 AM org.openqa.selenium.remote.ProtocolHandshake createSession
INFO: Detected dialect: W3C
]]></system-err>
  </testcase>
  <testcase name="testvalid" classname="avtorizationpage" time="2.593">
    <system-out><![CDATA[CGHJYLMFKFLFMFKFMFKFMKVNFKGFMKLFMF:F:FLF
]]></system-out>
  </testcase>
  <testcase name="testlink" classname="avtorizationpage" time="1.527">
    <system-out><![CDATA[CGHJYLMFKFLFMFKFMFKFMKVNFKGFMKLFMF:F:FLF
]]></system-out>
  </testcase>
  <testcase name="testmenu" classname="avtorizationpage" time="1.1">
    <system-out><![CDATA[CGHJYLMFKFLFMFKFMFKFMKVNFKGFMKLFMF:F:FLF
]]></system-out>
  </testcase>
  <testcase name="enter" classname="avtorizationpage" time="1.871">
    <system-out><![CDATA[CGHJYLMFKFLFMFKFMFKFMKVNFKGFMKLFMF:F:FLF
]]></system-out>
  </testcase>
</testsuite>